function add(){
    let sum = 0;
    for(let i = 0; i<arguments.length; i++){
        sum = sum + arguments[i];
    }
    return sum;
}
undefined
add();
0
add(10,20);
30
add(10,20,30,40,50);
150
add(10,20,"30",40,50);
'30304050'
function add(){
    let sum = 0;
    for(let i = 0; i<arguments.length; i++){
        sum = sum + parseInt(arguments[i]);
    }
    return sum;
}
undefined
add(10,20,"30",40,50);
150
add(10,20,"three",40,50);
NaN
function add(){
    let sum = 0;
    for(let i = 0; i<arguments.length; i++){
        sum = sum + (isNaN(parseInt(arguments[i]))?0 : parseInt(arguments[i]));
    }
    return sum;
}
undefined
add(10,20,"three",40,50);
120
function one(){
    return 1;
    
}
undefined
function two(){
    return "2";
}
undefined
function add(){
    let sum = 0;
    for(let i = 0; i<arguments.length; i++){
        if(typeof arguments[i] === 'function'){
            arguments[i] = arguments[i]();
        }
        sum = sum + (isNaN(parseInt(arguments[i]))?0 : parseInt(arguments[i]));
    }
    return sum;
}
undefined
add(one, two, "3", 4,"five");
10
function add(){
    let sum = 0;
    for(let i = 0; i<arguments.length; i++){
        if(arguments[i] instanceof Array){
            for(let j = 0; j<arguments[i].length; j++){
                m = sum + (isNaN(parseInt(arguments[i][j]))?0 : parseInt(arguments[i][j]));
            }
        }
        else{
        if(typeof arguments[i] === 'function'){
            arguments[i] = arguments[i]();
        }
        sum = sum + (isNaN(parseInt(arguments[i]))?0 : parseInt(arguments[i]));
        }
    }
    return sum;
}
undefined
function add(){
    let sum = 0;
    for(let i = 0; i<arguments.length; i++){
        if(arguments[i] instanceof Array){
            for(let j = 0; j<arguments[i].length; j++){
                sum = sum + (isNaN(parseInt(arguments[i][j]))?0 : parseInt(arguments[i][j]));
            }
        }
        else{
        if(typeof arguments[i] === 'function'){
            arguments[i] = arguments[i]();
        }
        sum = sum + (isNaN(parseInt(arguments[i]))?0 : parseInt(arguments[i]));
        }
    }
    return sum;
}
undefined
add(one, two, "3", "four",[1,"2", "three"]);
9
function add(){
    let sum = 0;
    for(let i = 0; i<arguments.length; i++){
        if(arguments[i] instanceof Array){
            for(let j = 0; j<arguments[i].length; j++){
                sum = sum + (isNaN(parseInt(arguments[i][j]))?0 : parseInt(arguments[i][j]));
            }
        }
        else{
        if(typeof arguments[i] === 'function'){
            arguments[i] = arguments[i]();
        }
        sum = sum + (isNaN(parseInt(arguments[i]))?0 : parseInt(arguments[i]));
        }
    }
    return sum;
}
undefined
